[ 2017-05-20T10:33:06-05:00 ] ::1 /neo1/
INFO: [ app_init ] --START--
INFO: Run Behavior\BuildLiteBehavior [ RunTime:0.000037s ]
INFO: [ app_init ] --END-- [ RunTime:0.004402s ]
NOTIC: [8] Use of undefined constant ture - assumed 'ture' C:\wamp64\www\neo1\NeoWeb\Home\Conf\config.php 第 14 行.
INFO: [ app_begin ] --START--
INFO: Run Behavior\ReadHtmlCacheBehavior [ RunTime:0.001196s ]
INFO: [ app_begin ] --END-- [ RunTime:0.001362s ]
NOTIC: [2] Missing argument 1 for Think\Controller::show(), called in C:\wamp64\www\neo1\NeoWeb\Home\Controller\IndexController.class.php on line 33 and defined C:\wamp64\www\neo1\ThinkPHP\Library\Think\Controller.class.php 第 86 行.
NOTIC: [8] Undefined variable: content C:\wamp64\www\neo1\ThinkPHP\Library\Think\Controller.class.php 第 88 行.
INFO: [ view_parse ] --START--
INFO: [ template_filter ] --START--
INFO: Run Behavior\ContentReplaceBehavior [ RunTime:0.023848s ]
INFO: [ template_filter ] --END-- [ RunTime:0.024056s ]
INFO: Run Behavior\ParseTemplateBehavior [ RunTime:0.088390s ]
INFO: [ view_parse ] --END-- [ RunTime:0.088542s ]
INFO: [ view_filter ] --START--
INFO: Run Behavior\WriteHtmlCacheBehavior [ RunTime:0.010857s ]
INFO: [ view_filter ] --END-- [ RunTime:0.010990s ]

[ 2017-05-20T10:33:06-05:00 ] ::1 /neo1/
INFO: [ app_init ] --START--
INFO: Run Behavior\BuildLiteBehavior [ RunTime:0.000055s ]
INFO: [ app_init ] --END-- [ RunTime:0.004382s ]
NOTIC: [8] Use of undefined constant ture - assumed 'ture' C:\wamp64\www\neo1\NeoWeb\Home\Conf\config.php 第 14 行.
INFO: [ app_begin ] --START--
INFO: Run Behavior\ReadHtmlCacheBehavior [ RunTime:0.001172s ]
INFO: [ app_begin ] --END-- [ RunTime:0.001267s ]
NOTIC: [2] Missing argument 1 for Think\Controller::show(), called in C:\wamp64\www\neo1\NeoWeb\Home\Controller\IndexController.class.php on line 33 and defined C:\wamp64\www\neo1\ThinkPHP\Library\Think\Controller.class.php 第 86 行.
NOTIC: [8] Undefined variable: content C:\wamp64\www\neo1\ThinkPHP\Library\Think\Controller.class.php 第 88 行.
INFO: [ view_parse ] --START--
INFO: [ template_filter ] --START--
INFO: Run Behavior\ContentReplaceBehavior [ RunTime:0.023709s ]
INFO: [ template_filter ] --END-- [ RunTime:0.023903s ]
INFO: Run Behavior\ParseTemplateBehavior [ RunTime:0.088581s ]
INFO: [ view_parse ] --END-- [ RunTime:0.088747s ]
INFO: [ view_filter ] --START--
INFO: Run Behavior\WriteHtmlCacheBehavior [ RunTime:0.010836s ]
INFO: [ view_filter ] --END-- [ RunTime:0.010975s ]

