[ 2017-04-18T06:06:24-05:00 ] ::1 /neo1/
INFO: [ app_init ] --START--
INFO: Run Behavior\BuildLiteBehavior [ RunTime:0.000021s ]
INFO: [ app_init ] --END-- [ RunTime:0.001082s ]
NOTIC: [8] Use of undefined constant ture - assumed 'ture' C:\wamp64\www\neo1\NeoWeb\Home\Conf\config.php 第 14 行.
INFO: [ app_begin ] --START--
INFO: Run Behavior\ReadHtmlCacheBehavior [ RunTime:0.001115s ]
INFO: [ app_begin ] --END-- [ RunTime:0.001197s ]
NOTIC: [8] A session had already been started - ignoring session_start() C:\wamp64\www\neo1\NeoWeb\Home\Controller\IndexController.class.php 第 10 行.
NOTIC: [2] Missing argument 1 for Think\Controller::show(), called in C:\wamp64\www\neo1\NeoWeb\Home\Controller\IndexController.class.php on line 19 and defined C:\wamp64\www\neo1\ThinkPHP\Library\Think\Controller.class.php 第 86 行.
NOTIC: [8] Undefined variable: content C:\wamp64\www\neo1\ThinkPHP\Library\Think\Controller.class.php 第 88 行.
INFO: [ view_parse ] --START--
INFO: [ template_filter ] --START--
INFO: Run Behavior\ContentReplaceBehavior [ RunTime:0.000147s ]
INFO: [ template_filter ] --END-- [ RunTime:0.000229s ]
INFO: Run Behavior\ParseTemplateBehavior [ RunTime:0.040659s ]
INFO: [ view_parse ] --END-- [ RunTime:0.040750s ]
INFO: [ view_filter ] --START--
INFO: Run Behavior\WriteHtmlCacheBehavior [ RunTime:0.000924s ]
INFO: [ view_filter ] --END-- [ RunTime:0.001017s ]

[ 2017-04-18T20:55:30-05:00 ] ::1 /neo1/
INFO: [ app_init ] --START--
INFO: Run Behavior\BuildLiteBehavior [ RunTime:0.000016s ]
INFO: [ app_init ] --END-- [ RunTime:0.000376s ]
NOTIC: [8] Use of undefined constant ture - assumed 'ture' C:\wamp64\www\neo1\NeoWeb\Home\Conf\config.php 第 14 行.
INFO: [ app_begin ] --START--
INFO: Run Behavior\ReadHtmlCacheBehavior [ RunTime:0.000465s ]
INFO: [ app_begin ] --END-- [ RunTime:0.000540s ]
NOTIC: [8] A session had already been started - ignoring session_start() C:\wamp64\www\neo1\NeoWeb\Home\Controller\IndexController.class.php 第 10 行.
NOTIC: [2] Missing argument 1 for Think\Controller::show(), called in C:\wamp64\www\neo1\NeoWeb\Home\Controller\IndexController.class.php on line 19 and defined C:\wamp64\www\neo1\ThinkPHP\Library\Think\Controller.class.php 第 86 行.
NOTIC: [8] Undefined variable: content C:\wamp64\www\neo1\ThinkPHP\Library\Think\Controller.class.php 第 88 行.
INFO: [ view_parse ] --START--
INFO: [ template_filter ] --START--
INFO: Run Behavior\ContentReplaceBehavior [ RunTime:0.000233s ]
INFO: [ template_filter ] --END-- [ RunTime:0.000327s ]
INFO: Run Behavior\ParseTemplateBehavior [ RunTime:0.008357s ]
INFO: [ view_parse ] --END-- [ RunTime:0.008451s ]
INFO: [ view_filter ] --START--
INFO: Run Behavior\WriteHtmlCacheBehavior [ RunTime:0.000406s ]
INFO: [ view_filter ] --END-- [ RunTime:0.000494s ]

[ 2017-04-18T21:15:14-05:00 ] ::1 /neo1/
INFO: [ app_init ] --START--
INFO: Run Behavior\BuildLiteBehavior [ RunTime:0.000019s ]
INFO: [ app_init ] --END-- [ RunTime:0.000430s ]
NOTIC: [8] Use of undefined constant ture - assumed 'ture' C:\wamp64\www\neo1\NeoWeb\Home\Conf\config.php 第 14 行.
INFO: [ app_begin ] --START--
INFO: Run Behavior\ReadHtmlCacheBehavior [ RunTime:0.000695s ]
INFO: [ app_begin ] --END-- [ RunTime:0.000798s ]
NOTIC: [8] A session had already been started - ignoring session_start() C:\wamp64\www\neo1\NeoWeb\Home\Controller\IndexController.class.php 第 10 行.
NOTIC: [2] Missing argument 1 for Think\Controller::show(), called in C:\wamp64\www\neo1\NeoWeb\Home\Controller\IndexController.class.php on line 19 and defined C:\wamp64\www\neo1\ThinkPHP\Library\Think\Controller.class.php 第 86 行.
NOTIC: [8] Undefined variable: content C:\wamp64\www\neo1\ThinkPHP\Library\Think\Controller.class.php 第 88 行.
INFO: [ view_parse ] --START--
INFO: [ template_filter ] --START--
INFO: Run Behavior\ContentReplaceBehavior [ RunTime:0.000177s ]
INFO: [ template_filter ] --END-- [ RunTime:0.000261s ]
NOTIC: [8] Undefined variable: storeInfo C:\wamp64\www\neo1\NeoWeb\Runtime\Cache\Home\a39a3e079cc779b7ff9b1737ee050944.php 第 98 行.
NOTIC: [8] Undefined variable: storeInfo C:\wamp64\www\neo1\NeoWeb\Runtime\Cache\Home\a39a3e079cc779b7ff9b1737ee050944.php 第 103 行.
INFO: Run Behavior\ParseTemplateBehavior [ RunTime:0.009047s ]
INFO: [ view_parse ] --END-- [ RunTime:0.009130s ]
INFO: [ view_filter ] --START--
INFO: Run Behavior\WriteHtmlCacheBehavior [ RunTime:0.000352s ]
INFO: [ view_filter ] --END-- [ RunTime:0.000425s ]

[ 2017-04-18T21:16:06-05:00 ] ::1 /neo1/
INFO: [ app_init ] --START--
INFO: Run Behavior\BuildLiteBehavior [ RunTime:0.000019s ]
INFO: [ app_init ] --END-- [ RunTime:0.000436s ]
NOTIC: [8] Use of undefined constant ture - assumed 'ture' C:\wamp64\www\neo1\NeoWeb\Home\Conf\config.php 第 14 行.
INFO: [ app_begin ] --START--
INFO: Run Behavior\ReadHtmlCacheBehavior [ RunTime:0.000558s ]
INFO: [ app_begin ] --END-- [ RunTime:0.000650s ]
NOTIC: [8] A session had already been started - ignoring session_start() C:\wamp64\www\neo1\NeoWeb\Home\Controller\IndexController.class.php 第 10 行.
NOTIC: [2] Missing argument 1 for Think\Controller::show(), called in C:\wamp64\www\neo1\NeoWeb\Home\Controller\IndexController.class.php on line 19 and defined C:\wamp64\www\neo1\ThinkPHP\Library\Think\Controller.class.php 第 86 行.
NOTIC: [8] Undefined variable: content C:\wamp64\www\neo1\ThinkPHP\Library\Think\Controller.class.php 第 88 行.
INFO: [ view_parse ] --START--
INFO: [ template_filter ] --START--
INFO: Run Behavior\ContentReplaceBehavior [ RunTime:0.000242s ]
INFO: [ template_filter ] --END-- [ RunTime:0.000356s ]
NOTIC: [8] Undefined variable: storeInfo C:\wamp64\www\neo1\NeoWeb\Runtime\Cache\Home\a39a3e079cc779b7ff9b1737ee050944.php 第 98 行.
NOTIC: [8] Undefined variable: storeInfo C:\wamp64\www\neo1\NeoWeb\Runtime\Cache\Home\a39a3e079cc779b7ff9b1737ee050944.php 第 103 行.
INFO: Run Behavior\ParseTemplateBehavior [ RunTime:0.010482s ]
INFO: [ view_parse ] --END-- [ RunTime:0.010579s ]
INFO: [ view_filter ] --START--
INFO: Run Behavior\WriteHtmlCacheBehavior [ RunTime:0.000563s ]
INFO: [ view_filter ] --END-- [ RunTime:0.000651s ]

[ 2017-04-18T21:24:06-05:00 ] ::1 /neo1/
INFO: [ app_init ] --START--
INFO: Run Behavior\BuildLiteBehavior [ RunTime:0.000020s ]
INFO: [ app_init ] --END-- [ RunTime:0.000433s ]
NOTIC: [8] Use of undefined constant ture - assumed 'ture' C:\wamp64\www\neo1\NeoWeb\Home\Conf\config.php 第 14 行.
INFO: [ app_begin ] --START--
INFO: Run Behavior\ReadHtmlCacheBehavior [ RunTime:0.000566s ]
INFO: [ app_begin ] --END-- [ RunTime:0.000661s ]
NOTIC: [8] A session had already been started - ignoring session_start() C:\wamp64\www\neo1\NeoWeb\Home\Controller\IndexController.class.php 第 10 行.
NOTIC: [2] Missing argument 1 for Think\Controller::show(), called in C:\wamp64\www\neo1\NeoWeb\Home\Controller\IndexController.class.php on line 19 and defined C:\wamp64\www\neo1\ThinkPHP\Library\Think\Controller.class.php 第 86 行.
NOTIC: [8] Undefined variable: content C:\wamp64\www\neo1\ThinkPHP\Library\Think\Controller.class.php 第 88 行.
INFO: [ view_parse ] --START--
INFO: [ template_filter ] --START--
INFO: Run Behavior\ContentReplaceBehavior [ RunTime:0.000168s ]
INFO: [ template_filter ] --END-- [ RunTime:0.000260s ]
NOTIC: [8] Undefined variable: storeInfo C:\wamp64\www\neo1\NeoWeb\Runtime\Cache\Home\a39a3e079cc779b7ff9b1737ee050944.php 第 97 行.
INFO: Run Behavior\ParseTemplateBehavior [ RunTime:0.009259s ]
INFO: [ view_parse ] --END-- [ RunTime:0.009422s ]
INFO: [ view_filter ] --START--
INFO: Run Behavior\WriteHtmlCacheBehavior [ RunTime:0.000424s ]
INFO: [ view_filter ] --END-- [ RunTime:0.000570s ]

[ 2017-04-18T21:29:42-05:00 ] ::1 /neo1/
INFO: [ app_init ] --START--
INFO: Run Behavior\BuildLiteBehavior [ RunTime:0.000023s ]
INFO: [ app_init ] --END-- [ RunTime:0.000459s ]
NOTIC: [8] Use of undefined constant ture - assumed 'ture' C:\wamp64\www\neo1\NeoWeb\Home\Conf\config.php 第 14 行.
INFO: [ app_begin ] --START--
INFO: Run Behavior\ReadHtmlCacheBehavior [ RunTime:0.000598s ]
INFO: [ app_begin ] --END-- [ RunTime:0.000698s ]
NOTIC: [8] A session had already been started - ignoring session_start() C:\wamp64\www\neo1\NeoWeb\Home\Controller\IndexController.class.php 第 10 行.
NOTIC: [2] Missing argument 1 for Think\Controller::show(), called in C:\wamp64\www\neo1\NeoWeb\Home\Controller\IndexController.class.php on line 19 and defined C:\wamp64\www\neo1\ThinkPHP\Library\Think\Controller.class.php 第 86 行.
NOTIC: [8] Undefined variable: content C:\wamp64\www\neo1\ThinkPHP\Library\Think\Controller.class.php 第 88 行.
INFO: [ view_parse ] --START--
INFO: [ template_filter ] --START--
INFO: Run Behavior\ContentReplaceBehavior [ RunTime:0.000175s ]
INFO: [ template_filter ] --END-- [ RunTime:0.000278s ]
NOTIC: [8] Undefined variable: storeInfo C:\wamp64\www\neo1\NeoWeb\Runtime\Cache\Home\a39a3e079cc779b7ff9b1737ee050944.php 第 98 行.
INFO: Run Behavior\ParseTemplateBehavior [ RunTime:0.009784s ]
INFO: [ view_parse ] --END-- [ RunTime:0.009877s ]
INFO: [ view_filter ] --START--
INFO: Run Behavior\WriteHtmlCacheBehavior [ RunTime:0.000404s ]
INFO: [ view_filter ] --END-- [ RunTime:0.000488s ]

[ 2017-04-18T21:31:05-05:00 ] ::1 /neo1/
INFO: [ app_init ] --START--
INFO: Run Behavior\BuildLiteBehavior [ RunTime:0.000019s ]
INFO: [ app_init ] --END-- [ RunTime:0.000419s ]
NOTIC: [8] Use of undefined constant ture - assumed 'ture' C:\wamp64\www\neo1\NeoWeb\Home\Conf\config.php 第 14 行.
INFO: [ app_begin ] --START--
INFO: Run Behavior\ReadHtmlCacheBehavior [ RunTime:0.000554s ]
INFO: [ app_begin ] --END-- [ RunTime:0.000646s ]
NOTIC: [8] A session had already been started - ignoring session_start() C:\wamp64\www\neo1\NeoWeb\Home\Controller\IndexController.class.php 第 10 行.
NOTIC: [2] Missing argument 1 for Think\Controller::show(), called in C:\wamp64\www\neo1\NeoWeb\Home\Controller\IndexController.class.php on line 19 and defined C:\wamp64\www\neo1\ThinkPHP\Library\Think\Controller.class.php 第 86 行.
NOTIC: [8] Undefined variable: content C:\wamp64\www\neo1\ThinkPHP\Library\Think\Controller.class.php 第 88 行.
INFO: [ view_parse ] --START--
INFO: [ template_filter ] --START--
INFO: Run Behavior\ContentReplaceBehavior [ RunTime:0.000170s ]
INFO: [ template_filter ] --END-- [ RunTime:0.000266s ]
NOTIC: [8] Undefined variable: storeInfo C:\wamp64\www\neo1\NeoWeb\Runtime\Cache\Home\a39a3e079cc779b7ff9b1737ee050944.php 第 99 行.
INFO: Run Behavior\ParseTemplateBehavior [ RunTime:0.009413s ]
INFO: [ view_parse ] --END-- [ RunTime:0.009501s ]
INFO: [ view_filter ] --START--
INFO: Run Behavior\WriteHtmlCacheBehavior [ RunTime:0.000425s ]
INFO: [ view_filter ] --END-- [ RunTime:0.000508s ]

[ 2017-04-18T21:31:24-05:00 ] ::1 /neo1/
INFO: [ app_init ] --START--
INFO: Run Behavior\BuildLiteBehavior [ RunTime:0.000022s ]
INFO: [ app_init ] --END-- [ RunTime:0.000403s ]
NOTIC: [8] Use of undefined constant ture - assumed 'ture' C:\wamp64\www\neo1\NeoWeb\Home\Conf\config.php 第 14 行.
INFO: [ app_begin ] --START--
INFO: Run Behavior\ReadHtmlCacheBehavior [ RunTime:0.000513s ]
INFO: [ app_begin ] --END-- [ RunTime:0.000609s ]
NOTIC: [8] A session had already been started - ignoring session_start() C:\wamp64\www\neo1\NeoWeb\Home\Controller\IndexController.class.php 第 10 行.
NOTIC: [2] Missing argument 1 for Think\Controller::show(), called in C:\wamp64\www\neo1\NeoWeb\Home\Controller\IndexController.class.php on line 19 and defined C:\wamp64\www\neo1\ThinkPHP\Library\Think\Controller.class.php 第 86 行.
NOTIC: [8] Undefined variable: content C:\wamp64\www\neo1\ThinkPHP\Library\Think\Controller.class.php 第 88 行.
INFO: [ view_parse ] --START--
INFO: [ template_filter ] --START--
INFO: Run Behavior\ContentReplaceBehavior [ RunTime:0.000171s ]
INFO: [ template_filter ] --END-- [ RunTime:0.000281s ]
NOTIC: [8] Undefined variable: storeInfo C:\wamp64\www\neo1\NeoWeb\Runtime\Cache\Home\a39a3e079cc779b7ff9b1737ee050944.php 第 98 行.
INFO: Run Behavior\ParseTemplateBehavior [ RunTime:0.008535s ]
INFO: [ view_parse ] --END-- [ RunTime:0.008622s ]
INFO: [ view_filter ] --START--
INFO: Run Behavior\WriteHtmlCacheBehavior [ RunTime:0.000297s ]
INFO: [ view_filter ] --END-- [ RunTime:0.000379s ]

[ 2017-04-18T21:32:03-05:00 ] ::1 /neo1/
INFO: [ app_init ] --START--
INFO: Run Behavior\BuildLiteBehavior [ RunTime:0.000016s ]
INFO: [ app_init ] --END-- [ RunTime:0.000375s ]
NOTIC: [8] Use of undefined constant ture - assumed 'ture' C:\wamp64\www\neo1\NeoWeb\Home\Conf\config.php 第 14 行.
INFO: [ app_begin ] --START--
INFO: Run Behavior\ReadHtmlCacheBehavior [ RunTime:0.000484s ]
INFO: [ app_begin ] --END-- [ RunTime:0.000563s ]
NOTIC: [8] A session had already been started - ignoring session_start() C:\wamp64\www\neo1\NeoWeb\Home\Controller\IndexController.class.php 第 10 行.
NOTIC: [2] Missing argument 1 for Think\Controller::show(), called in C:\wamp64\www\neo1\NeoWeb\Home\Controller\IndexController.class.php on line 19 and defined C:\wamp64\www\neo1\ThinkPHP\Library\Think\Controller.class.php 第 86 行.
NOTIC: [8] Undefined variable: content C:\wamp64\www\neo1\ThinkPHP\Library\Think\Controller.class.php 第 88 行.
INFO: [ view_parse ] --START--
INFO: [ template_filter ] --START--
INFO: Run Behavior\ContentReplaceBehavior [ RunTime:0.000153s ]
INFO: [ template_filter ] --END-- [ RunTime:0.000245s ]
NOTIC: [8] Undefined variable: storeInfo C:\wamp64\www\neo1\NeoWeb\Runtime\Cache\Home\a39a3e079cc779b7ff9b1737ee050944.php 第 98 行.
INFO: Run Behavior\ParseTemplateBehavior [ RunTime:0.009836s ]
INFO: [ view_parse ] --END-- [ RunTime:0.009914s ]
INFO: [ view_filter ] --START--
INFO: Run Behavior\WriteHtmlCacheBehavior [ RunTime:0.000370s ]
INFO: [ view_filter ] --END-- [ RunTime:0.000443s ]

[ 2017-04-18T21:32:06-05:00 ] ::1 /neo1/
INFO: [ app_init ] --START--
INFO: Run Behavior\BuildLiteBehavior [ RunTime:0.000019s ]
INFO: [ app_init ] --END-- [ RunTime:0.000370s ]
NOTIC: [8] Use of undefined constant ture - assumed 'ture' C:\wamp64\www\neo1\NeoWeb\Home\Conf\config.php 第 14 行.
INFO: [ app_begin ] --START--
INFO: Run Behavior\ReadHtmlCacheBehavior [ RunTime:0.000428s ]
INFO: [ app_begin ] --END-- [ RunTime:0.000517s ]
NOTIC: [8] A session had already been started - ignoring session_start() C:\wamp64\www\neo1\NeoWeb\Home\Controller\IndexController.class.php 第 10 行.
NOTIC: [2] Missing argument 1 for Think\Controller::show(), called in C:\wamp64\www\neo1\NeoWeb\Home\Controller\IndexController.class.php on line 19 and defined C:\wamp64\www\neo1\ThinkPHP\Library\Think\Controller.class.php 第 86 行.
NOTIC: [8] Undefined variable: content C:\wamp64\www\neo1\ThinkPHP\Library\Think\Controller.class.php 第 88 行.
INFO: [ view_parse ] --START--
INFO: [ template_filter ] --START--
INFO: Run Behavior\ContentReplaceBehavior [ RunTime:0.000176s ]
INFO: [ template_filter ] --END-- [ RunTime:0.000282s ]
NOTIC: [8] Undefined variable: storeInfo C:\wamp64\www\neo1\NeoWeb\Runtime\Cache\Home\a39a3e079cc779b7ff9b1737ee050944.php 第 98 行.
INFO: Run Behavior\ParseTemplateBehavior [ RunTime:0.008660s ]
INFO: [ view_parse ] --END-- [ RunTime:0.008747s ]
INFO: [ view_filter ] --START--
INFO: Run Behavior\WriteHtmlCacheBehavior [ RunTime:0.000306s ]
INFO: [ view_filter ] --END-- [ RunTime:0.000388s ]

[ 2017-04-18T21:34:12-05:00 ] ::1 /neo1/
INFO: [ app_init ] --START--
INFO: Run Behavior\BuildLiteBehavior [ RunTime:0.000026s ]
INFO: [ app_init ] --END-- [ RunTime:0.000578s ]
NOTIC: [8] Use of undefined constant ture - assumed 'ture' C:\wamp64\www\neo1\NeoWeb\Home\Conf\config.php 第 14 行.
INFO: [ app_begin ] --START--
INFO: Run Behavior\ReadHtmlCacheBehavior [ RunTime:0.000574s ]
INFO: [ app_begin ] --END-- [ RunTime:0.000666s ]
NOTIC: [8] A session had already been started - ignoring session_start() C:\wamp64\www\neo1\NeoWeb\Home\Controller\IndexController.class.php 第 10 行.
NOTIC: [2] Missing argument 1 for Think\Controller::show(), called in C:\wamp64\www\neo1\NeoWeb\Home\Controller\IndexController.class.php on line 19 and defined C:\wamp64\www\neo1\ThinkPHP\Library\Think\Controller.class.php 第 86 行.
NOTIC: [8] Undefined variable: content C:\wamp64\www\neo1\ThinkPHP\Library\Think\Controller.class.php 第 88 行.
INFO: [ view_parse ] --START--
INFO: [ template_filter ] --START--
INFO: Run Behavior\ContentReplaceBehavior [ RunTime:0.000183s ]
INFO: [ template_filter ] --END-- [ RunTime:0.000296s ]
INFO: Run Behavior\ParseTemplateBehavior [ RunTime:0.009329s ]
INFO: [ view_parse ] --END-- [ RunTime:0.009448s ]
INFO: [ view_filter ] --START--
INFO: Run Behavior\WriteHtmlCacheBehavior [ RunTime:0.000371s ]
INFO: [ view_filter ] --END-- [ RunTime:0.000443s ]

[ 2017-04-18T21:38:04-05:00 ] ::1 /neo1/
INFO: [ app_init ] --START--
INFO: Run Behavior\BuildLiteBehavior [ RunTime:0.000019s ]
INFO: [ app_init ] --END-- [ RunTime:0.000416s ]
NOTIC: [8] Use of undefined constant ture - assumed 'ture' C:\wamp64\www\neo1\NeoWeb\Home\Conf\config.php 第 14 行.
INFO: [ app_begin ] --START--
INFO: Run Behavior\ReadHtmlCacheBehavior [ RunTime:0.000550s ]
INFO: [ app_begin ] --END-- [ RunTime:0.000643s ]
NOTIC: [8] A session had already been started - ignoring session_start() C:\wamp64\www\neo1\NeoWeb\Home\Controller\IndexController.class.php 第 10 行.
NOTIC: [2] Missing argument 1 for Think\Controller::show(), called in C:\wamp64\www\neo1\NeoWeb\Home\Controller\IndexController.class.php on line 19 and defined C:\wamp64\www\neo1\ThinkPHP\Library\Think\Controller.class.php 第 86 行.
NOTIC: [8] Undefined variable: content C:\wamp64\www\neo1\ThinkPHP\Library\Think\Controller.class.php 第 88 行.
INFO: [ view_parse ] --START--
INFO: [ template_filter ] --START--
INFO: Run Behavior\ContentReplaceBehavior [ RunTime:0.000179s ]
INFO: [ template_filter ] --END-- [ RunTime:0.000294s ]
INFO: Run Behavior\ParseTemplateBehavior [ RunTime:0.009465s ]
INFO: [ view_parse ] --END-- [ RunTime:0.009556s ]
INFO: [ view_filter ] --START--
INFO: Run Behavior\WriteHtmlCacheBehavior [ RunTime:0.000339s ]
INFO: [ view_filter ] --END-- [ RunTime:0.000412s ]

[ 2017-04-18T21:39:42-05:00 ] ::1 /neo1/
INFO: [ app_init ] --START--
INFO: Run Behavior\BuildLiteBehavior [ RunTime:0.000025s ]
INFO: [ app_init ] --END-- [ RunTime:0.000517s ]
NOTIC: [8] Use of undefined constant ture - assumed 'ture' C:\wamp64\www\neo1\NeoWeb\Home\Conf\config.php 第 14 行.
INFO: [ app_begin ] --START--
INFO: Run Behavior\ReadHtmlCacheBehavior [ RunTime:0.000571s ]
INFO: [ app_begin ] --END-- [ RunTime:0.000667s ]
NOTIC: [8] A session had already been started - ignoring session_start() C:\wamp64\www\neo1\NeoWeb\Home\Controller\IndexController.class.php 第 10 行.
NOTIC: [2] Missing argument 1 for Think\Controller::show(), called in C:\wamp64\www\neo1\NeoWeb\Home\Controller\IndexController.class.php on line 19 and defined C:\wamp64\www\neo1\ThinkPHP\Library\Think\Controller.class.php 第 86 行.
NOTIC: [8] Undefined variable: content C:\wamp64\www\neo1\ThinkPHP\Library\Think\Controller.class.php 第 88 行.
INFO: [ view_parse ] --START--
INFO: [ template_filter ] --START--
INFO: Run Behavior\ContentReplaceBehavior [ RunTime:0.000290s ]
INFO: [ template_filter ] --END-- [ RunTime:0.000490s ]
INFO: Run Behavior\ParseTemplateBehavior [ RunTime:0.015186s ]
INFO: [ view_parse ] --END-- [ RunTime:0.015327s ]
INFO: [ view_filter ] --START--
INFO: Run Behavior\WriteHtmlCacheBehavior [ RunTime:0.000817s ]
INFO: [ view_filter ] --END-- [ RunTime:0.000951s ]

