[ 2017-05-18T06:19:02-05:00 ] ::1 /neo1/index.php/home/tag/9876345abcdefghijklmn
INFO: [ app_init ] --START--
INFO: Run Behavior\BuildLiteBehavior [ RunTime:0.000018s ]
INFO: [ app_init ] --END-- [ RunTime:0.000512s ]
NOTIC: [8] Use of undefined constant ture - assumed 'ture' C:\wamp64\www\neo1\NeoWeb\Home\Conf\config.php 第 14 行.
INFO: [ app_begin ] --START--
INFO: Run Behavior\ReadHtmlCacheBehavior [ RunTime:0.000654s ]
INFO: [ app_begin ] --END-- [ RunTime:0.000738s ]

[ 2017-05-18T06:21:53-05:00 ] ::1 /neo1/index.php/home/tag/9876345abcdefghijklmn
INFO: [ app_init ] --START--
INFO: Run Behavior\BuildLiteBehavior [ RunTime:0.000017s ]
INFO: [ app_init ] --END-- [ RunTime:0.000408s ]
NOTIC: [8] Use of undefined constant ture - assumed 'ture' C:\wamp64\www\neo1\NeoWeb\Home\Conf\config.php 第 14 行.
INFO: [ app_begin ] --START--
INFO: Run Behavior\ReadHtmlCacheBehavior [ RunTime:0.000544s ]
INFO: [ app_begin ] --END-- [ RunTime:0.000624s ]

[ 2017-05-18T06:21:54-05:00 ] ::1 /neo1/index.php/home/tag/9876345abcdefghijklmn
INFO: [ app_init ] --START--
INFO: Run Behavior\BuildLiteBehavior [ RunTime:0.000016s ]
INFO: [ app_init ] --END-- [ RunTime:0.000338s ]
NOTIC: [8] Use of undefined constant ture - assumed 'ture' C:\wamp64\www\neo1\NeoWeb\Home\Conf\config.php 第 14 行.
INFO: [ app_begin ] --START--
INFO: Run Behavior\ReadHtmlCacheBehavior [ RunTime:0.000392s ]
INFO: [ app_begin ] --END-- [ RunTime:0.000470s ]

[ 2017-05-18T06:21:56-05:00 ] ::1 /neo1/index.php/home/tag/9876345abcdefghijklmn
INFO: [ app_init ] --START--
INFO: Run Behavior\BuildLiteBehavior [ RunTime:0.000016s ]
INFO: [ app_init ] --END-- [ RunTime:0.000343s ]
NOTIC: [8] Use of undefined constant ture - assumed 'ture' C:\wamp64\www\neo1\NeoWeb\Home\Conf\config.php 第 14 行.
INFO: [ app_begin ] --START--
INFO: Run Behavior\ReadHtmlCacheBehavior [ RunTime:0.000415s ]
INFO: [ app_begin ] --END-- [ RunTime:0.000490s ]

[ 2017-05-18T06:25:59-05:00 ] ::1 /neo1/index.php/home/tag/9876345abcdefghijklmn
INFO: [ app_init ] --START--
INFO: Run Behavior\BuildLiteBehavior [ RunTime:0.000017s ]
INFO: [ app_init ] --END-- [ RunTime:0.000397s ]
NOTIC: [8] Use of undefined constant ture - assumed 'ture' C:\wamp64\www\neo1\NeoWeb\Home\Conf\config.php 第 14 行.
INFO: [ app_begin ] --START--
INFO: Run Behavior\ReadHtmlCacheBehavior [ RunTime:0.000971s ]
INFO: [ app_begin ] --END-- [ RunTime:0.001078s ]

