[ 2017-04-08T23:05:39-05:00 ] ::1 /neo1/
INFO: [ app_init ] --START--
INFO: Run Behavior\BuildLiteBehavior [ RunTime:0.000031s ]
INFO: [ app_init ] --END-- [ RunTime:0.000447s ]
NOTIC: [8] Use of undefined constant ture - assumed 'ture' C:\wamp64\www\neo1\NeoWeb\Home\Conf\config.php 第 14 行.
INFO: [ app_begin ] --START--
INFO: Run Behavior\ReadHtmlCacheBehavior [ RunTime:0.000646s ]
INFO: [ app_begin ] --END-- [ RunTime:0.000729s ]
NOTIC: [8] A session had already been started - ignoring session_start() C:\wamp64\www\neo1\NeoWeb\Home\Controller\IndexController.class.php 第 10 行.
NOTIC: [2] Missing argument 1 for Think\Controller::show(), called in C:\wamp64\www\neo1\NeoWeb\Home\Controller\IndexController.class.php on line 19 and defined C:\wamp64\www\neo1\ThinkPHP\Library\Think\Controller.class.php 第 86 行.
NOTIC: [8] Undefined variable: content C:\wamp64\www\neo1\ThinkPHP\Library\Think\Controller.class.php 第 88 行.
INFO: [ view_parse ] --START--
INFO: [ template_filter ] --START--
INFO: Run Behavior\ContentReplaceBehavior [ RunTime:0.000157s ]
INFO: [ template_filter ] --END-- [ RunTime:0.000243s ]
INFO: Run Behavior\ParseTemplateBehavior [ RunTime:0.029518s ]
INFO: [ view_parse ] --END-- [ RunTime:0.029608s ]
INFO: [ view_filter ] --START--
INFO: Run Behavior\WriteHtmlCacheBehavior [ RunTime:0.000465s ]
INFO: [ view_filter ] --END-- [ RunTime:0.000537s ]

[ 2017-04-08T23:06:08-05:00 ] ::1 /neo1/index.php/home/business/business_main.html
INFO: [ app_init ] --START--
INFO: Run Behavior\BuildLiteBehavior [ RunTime:0.000018s ]
INFO: [ app_init ] --END-- [ RunTime:0.000408s ]
NOTIC: [8] Use of undefined constant ture - assumed 'ture' C:\wamp64\www\neo1\NeoWeb\Home\Conf\config.php 第 14 行.
INFO: [ app_begin ] --START--
INFO: Run Behavior\ReadHtmlCacheBehavior [ RunTime:0.000562s ]
INFO: [ app_begin ] --END-- [ RunTime:0.000654s ]
NOTIC: [2] Missing argument 1 for Think\Controller::show(), called in C:\wamp64\www\neo1\NeoWeb\Home\Controller\BusinessController.class.php on line 15 and defined C:\wamp64\www\neo1\ThinkPHP\Library\Think\Controller.class.php 第 86 行.
NOTIC: [8] Undefined variable: content C:\wamp64\www\neo1\ThinkPHP\Library\Think\Controller.class.php 第 88 行.
INFO: [ view_parse ] --START--
INFO: [ template_filter ] --START--
INFO: Run Behavior\ContentReplaceBehavior [ RunTime:0.000143s ]
INFO: [ template_filter ] --END-- [ RunTime:0.000237s ]
INFO: Run Behavior\ParseTemplateBehavior [ RunTime:0.014884s ]
INFO: [ view_parse ] --END-- [ RunTime:0.014978s ]
INFO: [ view_filter ] --START--
INFO: Run Behavior\WriteHtmlCacheBehavior [ RunTime:0.000383s ]
INFO: [ view_filter ] --END-- [ RunTime:0.000464s ]
INFO: [ app_end ] --START--
INFO: Run Behavior\ShowPageTraceBehavior [ RunTime:0.009569s ]
INFO: [ app_end ] --END-- [ RunTime:0.009703s ]

[ 2017-04-08T23:09:30-05:00 ] ::1 /neo1/index.php/home/business/business_main.html
INFO: [ app_init ] --START--
INFO: Run Behavior\BuildLiteBehavior [ RunTime:0.000018s ]
INFO: [ app_init ] --END-- [ RunTime:0.000432s ]
NOTIC: [8] Use of undefined constant ture - assumed 'ture' C:\wamp64\www\neo1\NeoWeb\Home\Conf\config.php 第 14 行.
INFO: [ app_begin ] --START--
INFO: Run Behavior\ReadHtmlCacheBehavior [ RunTime:0.000469s ]
INFO: [ app_begin ] --END-- [ RunTime:0.000577s ]
NOTIC: [2] Missing argument 1 for Think\Controller::show(), called in C:\wamp64\www\neo1\NeoWeb\Home\Controller\BusinessController.class.php on line 15 and defined C:\wamp64\www\neo1\ThinkPHP\Library\Think\Controller.class.php 第 86 行.
NOTIC: [8] Undefined variable: content C:\wamp64\www\neo1\ThinkPHP\Library\Think\Controller.class.php 第 88 行.
INFO: [ view_parse ] --START--
INFO: [ template_filter ] --START--
INFO: Run Behavior\ContentReplaceBehavior [ RunTime:0.000116s ]
INFO: [ template_filter ] --END-- [ RunTime:0.000186s ]
INFO: Run Behavior\ParseTemplateBehavior [ RunTime:0.007079s ]
INFO: [ view_parse ] --END-- [ RunTime:0.007180s ]
INFO: [ view_filter ] --START--
INFO: Run Behavior\WriteHtmlCacheBehavior [ RunTime:0.000358s ]
INFO: [ view_filter ] --END-- [ RunTime:0.000424s ]
INFO: [ app_end ] --START--
INFO: Run Behavior\ShowPageTraceBehavior [ RunTime:0.001039s ]
INFO: [ app_end ] --END-- [ RunTime:0.001169s ]

[ 2017-04-08T23:09:33-05:00 ] ::1 /neo1/index.php/home/business/business_main.html
INFO: [ app_init ] --START--
INFO: Run Behavior\BuildLiteBehavior [ RunTime:0.000019s ]
INFO: [ app_init ] --END-- [ RunTime:0.000370s ]
NOTIC: [8] Use of undefined constant ture - assumed 'ture' C:\wamp64\www\neo1\NeoWeb\Home\Conf\config.php 第 14 行.
INFO: [ app_begin ] --START--
INFO: Run Behavior\ReadHtmlCacheBehavior [ RunTime:0.000432s ]
INFO: [ app_begin ] --END-- [ RunTime:0.000519s ]
NOTIC: [2] Missing argument 1 for Think\Controller::show(), called in C:\wamp64\www\neo1\NeoWeb\Home\Controller\BusinessController.class.php on line 15 and defined C:\wamp64\www\neo1\ThinkPHP\Library\Think\Controller.class.php 第 86 行.
NOTIC: [8] Undefined variable: content C:\wamp64\www\neo1\ThinkPHP\Library\Think\Controller.class.php 第 88 行.
INFO: [ view_parse ] --START--
INFO: [ template_filter ] --START--
INFO: Run Behavior\ContentReplaceBehavior [ RunTime:0.000137s ]
INFO: [ template_filter ] --END-- [ RunTime:0.000221s ]
INFO: Run Behavior\ParseTemplateBehavior [ RunTime:0.007162s ]
INFO: [ view_parse ] --END-- [ RunTime:0.007239s ]
INFO: [ view_filter ] --START--
INFO: Run Behavior\WriteHtmlCacheBehavior [ RunTime:0.000240s ]
INFO: [ view_filter ] --END-- [ RunTime:0.000367s ]
INFO: [ app_end ] --START--
INFO: Run Behavior\ShowPageTraceBehavior [ RunTime:0.000594s ]
INFO: [ app_end ] --END-- [ RunTime:0.000693s ]

[ 2017-04-08T23:12:51-05:00 ] ::1 /neo1/index.php/home/business/business_sign_in.html
INFO: [ app_init ] --START--
INFO: Run Behavior\BuildLiteBehavior [ RunTime:0.000018s ]
INFO: [ app_init ] --END-- [ RunTime:0.000429s ]
NOTIC: [8] Use of undefined constant ture - assumed 'ture' C:\wamp64\www\neo1\NeoWeb\Home\Conf\config.php 第 14 行.
INFO: [ app_begin ] --START--
INFO: Run Behavior\ReadHtmlCacheBehavior [ RunTime:0.000558s ]
INFO: [ app_begin ] --END-- [ RunTime:0.000649s ]
NOTIC: [2] Missing argument 1 for Think\Controller::show(), called in C:\wamp64\www\neo1\NeoWeb\Home\Controller\BusinessController.class.php on line 23 and defined C:\wamp64\www\neo1\ThinkPHP\Library\Think\Controller.class.php 第 86 行.
NOTIC: [8] Undefined variable: content C:\wamp64\www\neo1\ThinkPHP\Library\Think\Controller.class.php 第 88 行.
INFO: [ view_parse ] --START--
INFO: [ template_filter ] --START--
INFO: Run Behavior\ContentReplaceBehavior [ RunTime:0.000086s ]
INFO: [ template_filter ] --END-- [ RunTime:0.000165s ]
INFO: Run Behavior\ParseTemplateBehavior [ RunTime:0.018471s ]
INFO: [ view_parse ] --END-- [ RunTime:0.018549s ]
INFO: [ view_filter ] --START--
INFO: Run Behavior\WriteHtmlCacheBehavior [ RunTime:0.000348s ]
INFO: [ view_filter ] --END-- [ RunTime:0.000416s ]
INFO: [ app_end ] --START--
INFO: Run Behavior\ShowPageTraceBehavior [ RunTime:0.000444s ]
INFO: [ app_end ] --END-- [ RunTime:0.000514s ]

[ 2017-04-08T23:31:58-05:00 ] ::1 /neo1/index.php/home/business/business_main.html
INFO: [ app_init ] --START--
INFO: Run Behavior\BuildLiteBehavior [ RunTime:0.000019s ]
INFO: [ app_init ] --END-- [ RunTime:0.000426s ]
NOTIC: [8] Use of undefined constant ture - assumed 'ture' C:\wamp64\www\neo1\NeoWeb\Home\Conf\config.php 第 14 行.
INFO: [ app_begin ] --START--
INFO: Run Behavior\ReadHtmlCacheBehavior [ RunTime:0.000587s ]
INFO: [ app_begin ] --END-- [ RunTime:0.000678s ]
NOTIC: [2] Missing argument 1 for Think\Controller::show(), called in C:\wamp64\www\neo1\NeoWeb\Home\Controller\BusinessController.class.php on line 15 and defined C:\wamp64\www\neo1\ThinkPHP\Library\Think\Controller.class.php 第 86 行.
NOTIC: [8] Undefined variable: content C:\wamp64\www\neo1\ThinkPHP\Library\Think\Controller.class.php 第 88 行.
INFO: [ view_parse ] --START--
INFO: [ template_filter ] --START--
INFO: Run Behavior\ContentReplaceBehavior [ RunTime:0.000148s ]
INFO: [ template_filter ] --END-- [ RunTime:0.000239s ]
INFO: Run Behavior\ParseTemplateBehavior [ RunTime:0.008087s ]
INFO: [ view_parse ] --END-- [ RunTime:0.008176s ]
INFO: [ view_filter ] --START--
INFO: Run Behavior\WriteHtmlCacheBehavior [ RunTime:0.000390s ]
INFO: [ view_filter ] --END-- [ RunTime:0.000475s ]
INFO: [ app_end ] --START--
INFO: Run Behavior\ShowPageTraceBehavior [ RunTime:0.000551s ]
INFO: [ app_end ] --END-- [ RunTime:0.000640s ]

[ 2017-04-08T23:32:01-05:00 ] ::1 /neo1/index.php/home/business/business_main.html
INFO: [ app_init ] --START--
INFO: Run Behavior\BuildLiteBehavior [ RunTime:0.000018s ]
INFO: [ app_init ] --END-- [ RunTime:0.000378s ]
NOTIC: [8] Use of undefined constant ture - assumed 'ture' C:\wamp64\www\neo1\NeoWeb\Home\Conf\config.php 第 14 行.
INFO: [ app_begin ] --START--
INFO: Run Behavior\ReadHtmlCacheBehavior [ RunTime:0.000429s ]
INFO: [ app_begin ] --END-- [ RunTime:0.000518s ]
NOTIC: [2] Missing argument 1 for Think\Controller::show(), called in C:\wamp64\www\neo1\NeoWeb\Home\Controller\BusinessController.class.php on line 15 and defined C:\wamp64\www\neo1\ThinkPHP\Library\Think\Controller.class.php 第 86 行.
NOTIC: [8] Undefined variable: content C:\wamp64\www\neo1\ThinkPHP\Library\Think\Controller.class.php 第 88 行.
INFO: [ view_parse ] --START--
INFO: [ template_filter ] --START--
INFO: Run Behavior\ContentReplaceBehavior [ RunTime:0.000145s ]
INFO: [ template_filter ] --END-- [ RunTime:0.000238s ]
INFO: Run Behavior\ParseTemplateBehavior [ RunTime:0.007406s ]
INFO: [ view_parse ] --END-- [ RunTime:0.007492s ]
INFO: [ view_filter ] --START--
INFO: Run Behavior\WriteHtmlCacheBehavior [ RunTime:0.000298s ]
INFO: [ view_filter ] --END-- [ RunTime:0.000379s ]
INFO: [ app_end ] --START--
INFO: Run Behavior\ShowPageTraceBehavior [ RunTime:0.000456s ]
INFO: [ app_end ] --END-- [ RunTime:0.000544s ]

[ 2017-04-08T23:32:09-05:00 ] ::1 /neo1/
INFO: [ app_init ] --START--
INFO: Run Behavior\BuildLiteBehavior [ RunTime:0.000018s ]
INFO: [ app_init ] --END-- [ RunTime:0.000370s ]
NOTIC: [8] Use of undefined constant ture - assumed 'ture' C:\wamp64\www\neo1\NeoWeb\Home\Conf\config.php 第 14 行.
INFO: [ app_begin ] --START--
INFO: Run Behavior\ReadHtmlCacheBehavior [ RunTime:0.000433s ]
INFO: [ app_begin ] --END-- [ RunTime:0.000521s ]
NOTIC: [8] A session had already been started - ignoring session_start() C:\wamp64\www\neo1\NeoWeb\Home\Controller\IndexController.class.php 第 10 行.
NOTIC: [2] Missing argument 1 for Think\Controller::show(), called in C:\wamp64\www\neo1\NeoWeb\Home\Controller\IndexController.class.php on line 19 and defined C:\wamp64\www\neo1\ThinkPHP\Library\Think\Controller.class.php 第 86 行.
NOTIC: [8] Undefined variable: content C:\wamp64\www\neo1\ThinkPHP\Library\Think\Controller.class.php 第 88 行.
INFO: [ view_parse ] --START--
INFO: [ template_filter ] --START--
INFO: Run Behavior\ContentReplaceBehavior [ RunTime:0.000137s ]
INFO: [ template_filter ] --END-- [ RunTime:0.000232s ]
INFO: Run Behavior\ParseTemplateBehavior [ RunTime:0.008014s ]
INFO: [ view_parse ] --END-- [ RunTime:0.008102s ]
INFO: [ view_filter ] --START--
INFO: Run Behavior\WriteHtmlCacheBehavior [ RunTime:0.000300s ]
INFO: [ view_filter ] --END-- [ RunTime:0.000383s ]

[ 2017-04-08T23:32:52-05:00 ] ::1 /neo1/
INFO: [ app_init ] --START--
INFO: Run Behavior\BuildLiteBehavior [ RunTime:0.000021s ]
INFO: [ app_init ] --END-- [ RunTime:0.000389s ]
NOTIC: [8] Use of undefined constant ture - assumed 'ture' C:\wamp64\www\neo1\NeoWeb\Home\Conf\config.php 第 14 行.
INFO: [ app_begin ] --START--
INFO: Run Behavior\ReadHtmlCacheBehavior [ RunTime:0.000471s ]
INFO: [ app_begin ] --END-- [ RunTime:0.000565s ]
NOTIC: [8] A session had already been started - ignoring session_start() C:\wamp64\www\neo1\NeoWeb\Home\Controller\IndexController.class.php 第 10 行.
NOTIC: [2] Missing argument 1 for Think\Controller::show(), called in C:\wamp64\www\neo1\NeoWeb\Home\Controller\IndexController.class.php on line 19 and defined C:\wamp64\www\neo1\ThinkPHP\Library\Think\Controller.class.php 第 86 行.
NOTIC: [8] Undefined variable: content C:\wamp64\www\neo1\ThinkPHP\Library\Think\Controller.class.php 第 88 行.
INFO: [ view_parse ] --START--
INFO: [ template_filter ] --START--
INFO: Run Behavior\ContentReplaceBehavior [ RunTime:0.000133s ]
INFO: [ template_filter ] --END-- [ RunTime:0.000219s ]
INFO: Run Behavior\ParseTemplateBehavior [ RunTime:0.007680s ]
INFO: [ view_parse ] --END-- [ RunTime:0.007766s ]
INFO: [ view_filter ] --START--
INFO: Run Behavior\WriteHtmlCacheBehavior [ RunTime:0.000288s ]
INFO: [ view_filter ] --END-- [ RunTime:0.000369s ]

