[ 2017-05-16T21:12:56-05:00 ] ::1 /neo1/index.php/tag/987654321
INFO: [ app_init ] --START--
INFO: Run Behavior\BuildLiteBehavior [ RunTime:0.000016s ]
INFO: [ app_init ] --END-- [ RunTime:0.000337s ]
ERR: 无法加载模块:Tag

[ 2017-05-16T21:13:51-05:00 ] ::1 /neo1/index.php/tag/9876
INFO: [ app_init ] --START--
INFO: Run Behavior\BuildLiteBehavior [ RunTime:0.000017s ]
INFO: [ app_init ] --END-- [ RunTime:0.000350s ]
ERR: 无法加载模块:Tag

[ 2017-05-16T21:13:53-05:00 ] ::1 /neo1/index.php/tag/9876
INFO: [ app_init ] --START--
INFO: Run Behavior\BuildLiteBehavior [ RunTime:0.000016s ]
INFO: [ app_init ] --END-- [ RunTime:0.000345s ]
ERR: 无法加载模块:Tag

[ 2017-05-16T21:13:54-05:00 ] ::1 /neo1/index.php/tag/9876
INFO: [ app_init ] --START--
INFO: Run Behavior\BuildLiteBehavior [ RunTime:0.000018s ]
INFO: [ app_init ] --END-- [ RunTime:0.000344s ]
ERR: 无法加载模块:Tag

[ 2017-05-16T21:13:55-05:00 ] ::1 /neo1/index.php/tag/9876
INFO: [ app_init ] --START--
INFO: Run Behavior\BuildLiteBehavior [ RunTime:0.000018s ]
INFO: [ app_init ] --END-- [ RunTime:0.000366s ]
ERR: 无法加载模块:Tag

[ 2017-05-16T21:14:05-05:00 ] ::1 /neo1/index.php/tag/9876
INFO: [ app_init ] --START--
INFO: Run Behavior\BuildLiteBehavior [ RunTime:0.000022s ]
INFO: [ app_init ] --END-- [ RunTime:0.000391s ]
ERR: 无法加载模块:Tag

[ 2017-05-16T21:14:19-05:00 ] ::1 /neo1/index.php/tag/9876
INFO: [ app_init ] --START--
INFO: Run Behavior\BuildLiteBehavior [ RunTime:0.000016s ]
INFO: [ app_init ] --END-- [ RunTime:0.000409s ]
ERR: 无法加载模块:Tag

[ 2017-05-16T21:14:21-05:00 ] ::1 /neo1/index.php/tag/9876
INFO: [ app_init ] --START--
INFO: Run Behavior\BuildLiteBehavior [ RunTime:0.000021s ]
INFO: [ app_init ] --END-- [ RunTime:0.000410s ]
ERR: 无法加载模块:Tag

[ 2017-05-16T21:14:22-05:00 ] ::1 /neo1/index.php/tag/9876
INFO: [ app_init ] --START--
INFO: Run Behavior\BuildLiteBehavior [ RunTime:0.000016s ]
INFO: [ app_init ] --END-- [ RunTime:0.000351s ]
ERR: 无法加载模块:Tag

[ 2017-05-16T21:14:24-05:00 ] ::1 /neo1/index.php/tag/9876
INFO: [ app_init ] --START--
INFO: Run Behavior\BuildLiteBehavior [ RunTime:0.000016s ]
INFO: [ app_init ] --END-- [ RunTime:0.000438s ]
ERR: 无法加载模块:Tag

[ 2017-05-16T21:17:09-05:00 ] ::1 /neo1/index.php/tag/9876
INFO: [ app_init ] --START--
INFO: Run Behavior\BuildLiteBehavior [ RunTime:0.000034s ]
INFO: [ app_init ] --END-- [ RunTime:0.000382s ]
ERR: 无法加载模块:Tag

